{"/Users/anapaulalopesaraujo/Documents/github/laboratorio-da-ana/src/1074.js": {"path":"/Users/anapaulalopesaraujo/Documents/github/laboratorio-da-ana/src/1074.js","statementMap":{"0":{"start":{"line":1,"column":18},"end":{"line":3,"column":8}},"1":{"start":{"line":1,"column":25},"end":{"line":3,"column":8}},"2":{"start":{"line":5,"column":0},"end":{"line":5,"column":26}}},"fnMap":{"0":{"name":"(anonymous_0)","decl":{"start":{"line":1,"column":18},"end":{"line":1,"column":19}},"loc":{"start":{"line":1,"column":25},"end":{"line":3,"column":8}},"line":1}},"branchMap":{},"s":{"0":1,"1":6,"2":1},"f":{"0":6},"b":{},"_coverageSchema":"1a1c01bbd47fc00a2c39e90264f33305004495a9","hash":"04e3708aa9bcb84f93b1c8762d3db11c10706bf9"}
}
